2022-03-09T09:59:54 (asr.sh:249:main) ./asr.sh --stage 12 --stop_stage 1000 --ngpu 4 --use_lm false --lang de --lm_config conf/train_lm.yaml --token_type bpe --nbpe 5000 --feats_type raw --max_wav_duration 12 --speed_perturb_factors 0.9 1.0 1.1 --asr_config conf/tuning/train_asr_conformer5.yaml --inference_config conf/decode_asr.yaml --train_set train --valid_set dev --test_sets spc/test spc/valid clickworker/valid clickworker/test dialektsammlung/valid dialektsammlung/test snf/test stadt_bern_stadtrat_alligned/valid --bpe_train_text data/lm/train/text --bpe_input_sentence_size 10000000 --lm_train_text data/lm/train/text --lm_dev_text data/lm/valid/text
2022-03-09T09:59:55 (asr.sh:889:main) Stage 6-8: Skip lm-related stages: use_lm=false
2022-03-09T09:59:55 (asr.sh:1158:main) Stage 12: Decoding: training_dir=exp/asr_train_asr_conformer5_raw_de_bpe5000_sp
2022-03-09T09:59:55 (asr.sh:1186:main) Generate 'exp/asr_train_asr_conformer5_raw_de_bpe5000_sp/decode_asr_asr_model_valid.acc.ave/run.sh'. You can resume the process from stage 12 using this script
2022-03-09T09:59:55 (asr.sh:1241:main) Decoding started... log: 'exp/asr_train_asr_conformer5_raw_de_bpe5000_sp/decode_asr_asr_model_valid.acc.ave/spc/test/logdir/asr_inference.*.log'
2022-03-09T10:15:20 (asr.sh:1241:main) Decoding started... log: 'exp/asr_train_asr_conformer5_raw_de_bpe5000_sp/decode_asr_asr_model_valid.acc.ave/spc/valid/logdir/asr_inference.*.log'
2022-03-09T10:27:19 (asr.sh:1241:main) Decoding started... log: 'exp/asr_train_asr_conformer5_raw_de_bpe5000_sp/decode_asr_asr_model_valid.acc.ave/clickworker/valid/logdir/asr_inference.*.log'
2022-03-09T10:39:56 (asr.sh:1241:main) Decoding started... log: 'exp/asr_train_asr_conformer5_raw_de_bpe5000_sp/decode_asr_asr_model_valid.acc.ave/clickworker/test/logdir/asr_inference.*.log'
2022-03-09T10:52:15 (asr.sh:1241:main) Decoding started... log: 'exp/asr_train_asr_conformer5_raw_de_bpe5000_sp/decode_asr_asr_model_valid.acc.ave/dialektsammlung/valid/logdir/asr_inference.*.log'
2022-03-09T11:03:02 (asr.sh:1241:main) Decoding started... log: 'exp/asr_train_asr_conformer5_raw_de_bpe5000_sp/decode_asr_asr_model_valid.acc.ave/dialektsammlung/test/logdir/asr_inference.*.log'
2022-03-09T11:14:02 (asr.sh:1241:main) Decoding started... log: 'exp/asr_train_asr_conformer5_raw_de_bpe5000_sp/decode_asr_asr_model_valid.acc.ave/snf/test/logdir/asr_inference.*.log'
2022-03-09T12:23:39 (asr.sh:1241:main) Decoding started... log: 'exp/asr_train_asr_conformer5_raw_de_bpe5000_sp/decode_asr_asr_model_valid.acc.ave/stadt_bern_stadtrat_alligned/valid/logdir/asr_inference.*.log'
2022-03-09T12:35:49 (asr.sh:1267:main) Stage 13: Scoring
2022-03-09T12:36:00 (asr.sh:1368:main) Write cer result in exp/asr_train_asr_conformer5_raw_de_bpe5000_sp/decode_asr_asr_model_valid.acc.ave/spc/test/score_cer/result.txt
|   SPKR      |   # Snt      # Wrd     |   Corr         Sub        Del         Ins         Err      S.Err    |
|   Sum/Avg   |   3332       329143    |   16.3         6.0       77.7         0.6        84.3      100.0    |
2022-03-09T12:36:02 (asr.sh:1368:main) Write wer result in exp/asr_train_asr_conformer5_raw_de_bpe5000_sp/decode_asr_asr_model_valid.acc.ave/spc/test/score_wer/result.txt
|   SPKR      |   # Snt       # Wrd   |   Corr         Sub         Del         Ins        Err       S.Err    |
|   Sum/Avg   |   3332        48822   |    4.5        28.7        66.8         0.8       96.3       100.0    |
2022-03-09T12:36:04 (asr.sh:1368:main) Write ter result in exp/asr_train_asr_conformer5_raw_de_bpe5000_sp/decode_asr_asr_model_valid.acc.ave/spc/test/score_ter/result.txt
|   SPKR      |   # Snt       # Wrd   |   Corr         Sub         Del         Ins        Err       S.Err    |
|   Sum/Avg   |   3332        70251   |    5.3        21.4        73.4         0.5       95.3       100.0    |
2022-03-09T12:36:08 (asr.sh:1368:main) Write cer result in exp/asr_train_asr_conformer5_raw_de_bpe5000_sp/decode_asr_asr_model_valid.acc.ave/spc/valid/score_cer/result.txt
|   SPKR      |   # Snt       # Wrd    |   Corr         Sub         Del         Ins        Err       S.Err    |
|   Sum/Avg   |   3388        332002   |   16.4         6.1        77.5         0.7       84.3       100.0    |
2022-03-09T12:36:10 (asr.sh:1368:main) Write wer result in exp/asr_train_asr_conformer5_raw_de_bpe5000_sp/decode_asr_asr_model_valid.acc.ave/spc/valid/score_wer/result.txt
|   SPKR      |   # Snt       # Wrd    |   Corr         Sub        Del         Ins         Err       S.Err    |
|   Sum/Avg   |   3388        50014    |    4.5        28.4       67.1         0.8        96.3       100.0    |
2022-03-09T12:36:13 (asr.sh:1368:main) Write ter result in exp/asr_train_asr_conformer5_raw_de_bpe5000_sp/decode_asr_asr_model_valid.acc.ave/spc/valid/score_ter/result.txt
|   SPKR      |   # Snt       # Wrd    |   Corr         Sub        Del         Ins         Err       S.Err    |
|   Sum/Avg   |   3388        71132    |    5.3        21.3       73.4         0.7        95.4       100.0    |
2022-03-09T12:36:16 (asr.sh:1368:main) Write cer result in exp/asr_train_asr_conformer5_raw_de_bpe5000_sp/decode_asr_asr_model_valid.acc.ave/clickworker/valid/score_cer/result.txt
|    SPKR      |    # Snt       # Wrd    |    Corr          Sub          Del         Ins          Err        S.Err    |
|    Sum/Avg   |    2875       194993    |    21.5         11.1         67.4         1.3         79.8        100.0    |
2022-03-09T12:36:18 (asr.sh:1368:main) Write wer result in exp/asr_train_asr_conformer5_raw_de_bpe5000_sp/decode_asr_asr_model_valid.acc.ave/clickworker/valid/score_wer/result.txt
|    SPKR      |    # Snt       # Wrd    |    Corr         Sub          Del          Ins          Err        S.Err    |
|    Sum/Avg   |    2875        28081    |     4.4        45.7         49.9          1.1         96.6        100.0    |
2022-03-09T12:36:20 (asr.sh:1368:main) Write ter result in exp/asr_train_asr_conformer5_raw_de_bpe5000_sp/decode_asr_asr_model_valid.acc.ave/clickworker/valid/score_ter/result.txt
|    SPKR      |    # Snt       # Wrd    |    Corr         Sub          Del          Ins          Err        S.Err    |
|    Sum/Avg   |    2875        45763    |     5.4        31.2         63.4          0.7         95.3        100.0    |
2022-03-09T12:36:23 (asr.sh:1368:main) Write cer result in exp/asr_train_asr_conformer5_raw_de_bpe5000_sp/decode_asr_asr_model_valid.acc.ave/clickworker/test/score_cer/result.txt
|    SPKR      |   # Snt        # Wrd    |    Corr         Sub          Del          Ins         Err        S.Err    |
|    Sum/Avg   |   2875        195222    |    21.4        11.0         67.6          1.3        79.9        100.0    |
2022-03-09T12:36:26 (asr.sh:1368:main) Write wer result in exp/asr_train_asr_conformer5_raw_de_bpe5000_sp/decode_asr_asr_model_valid.acc.ave/clickworker/test/score_wer/result.txt
|    SPKR      |    # Snt      # Wrd    |    Corr          Sub          Del         Ins          Err        S.Err    |
|    Sum/Avg   |    2875       27980    |     4.2         46.0         49.8         1.2         97.0        100.0    |
2022-03-09T12:36:28 (asr.sh:1368:main) Write ter result in exp/asr_train_asr_conformer5_raw_de_bpe5000_sp/decode_asr_asr_model_valid.acc.ave/clickworker/test/score_ter/result.txt
|    SPKR      |    # Snt      # Wrd    |    Corr          Sub          Del         Ins          Err        S.Err    |
|    Sum/Avg   |    2875       45862    |     5.2         31.3         63.5         0.6         95.5        100.0    |
2022-03-09T12:36:32 (asr.sh:1368:main) Write cer result in exp/asr_train_asr_conformer5_raw_de_bpe5000_sp/decode_asr_asr_model_valid.acc.ave/dialektsammlung/valid/score_cer/result.txt
|    SPKR      |    # Snt        # Wrd    |    Corr          Sub           Del          Ins          Err         S.Err    |
|    Sum/Avg   |    3638         179425   |    25.7         17.9          56.4          2.2         76.4         100.0    |
2022-03-09T12:36:36 (asr.sh:1368:main) Write wer result in exp/asr_train_asr_conformer5_raw_de_bpe5000_sp/decode_asr_asr_model_valid.acc.ave/dialektsammlung/valid/score_wer/result.txt
|    SPKR      |    # Snt        # Wrd    |    Corr          Sub           Del          Ins          Err         S.Err    |
|    Sum/Avg   |    3638         28741    |     4.7         57.6          37.7          1.1         96.4         100.0    |
2022-03-09T12:36:39 (asr.sh:1368:main) Write ter result in exp/asr_train_asr_conformer5_raw_de_bpe5000_sp/decode_asr_asr_model_valid.acc.ave/dialektsammlung/valid/score_ter/result.txt
|    SPKR      |    # Snt        # Wrd    |    Corr          Sub           Del          Ins          Err         S.Err    |
|    Sum/Avg   |    3638         38673    |     5.4         46.1          48.5          0.9         95.5         100.0    |
2022-03-09T12:36:44 (asr.sh:1368:main) Write cer result in exp/asr_train_asr_conformer5_raw_de_bpe5000_sp/decode_asr_asr_model_valid.acc.ave/dialektsammlung/test/score_cer/result.txt
|    SPKR      |    # Snt       # Wrd     |    Corr          Sub          Del          Ins           Err        S.Err    |
|    Sum/Avg   |    3636        180272    |    25.8         17.7         56.5          2.2          76.4        100.0    |
2022-03-09T12:36:47 (asr.sh:1368:main) Write wer result in exp/asr_train_asr_conformer5_raw_de_bpe5000_sp/decode_asr_asr_model_valid.acc.ave/dialektsammlung/test/score_wer/result.txt
|    SPKR      |    # Snt       # Wrd     |    Corr          Sub          Del          Ins           Err        S.Err    |
|    Sum/Avg   |    3636        28783     |     4.9         57.2         37.9          1.2          96.3        100.0    |
2022-03-09T12:36:51 (asr.sh:1368:main) Write ter result in exp/asr_train_asr_conformer5_raw_de_bpe5000_sp/decode_asr_asr_model_valid.acc.ave/dialektsammlung/test/score_ter/result.txt
|    SPKR      |    # Snt       # Wrd     |    Corr          Sub          Del          Ins           Err        S.Err    |
|    Sum/Avg   |    3636        38601     |     5.6         46.4         47.9          0.9          95.3        100.0    |
2022-03-09T12:37:14 (asr.sh:1368:main) Write cer result in exp/asr_train_asr_conformer5_raw_de_bpe5000_sp/decode_asr_asr_model_valid.acc.ave/snf/test/score_cer/result.txt
|   SPKR      |   # Snt      # Wrd    |   Corr        Sub         Del        Ins          Err       S.Err    |
|   Sum/Avg   |  26121      1346577   |   25.0       16.6        58.4        2.4         77.4       100.0    |
2022-03-09T12:37:30 (asr.sh:1368:main) Write wer result in exp/asr_train_asr_conformer5_raw_de_bpe5000_sp/decode_asr_asr_model_valid.acc.ave/snf/test/score_wer/result.txt
|   SPKR      |   # Snt      # Wrd    |   Corr         Sub        Del         Ins         Err       S.Err    |
|   Sum/Avg   |  26121       209987   |    5.3        55.3       39.4         2.1        96.7       100.0    |
2022-03-09T12:37:46 (asr.sh:1368:main) Write ter result in exp/asr_train_asr_conformer5_raw_de_bpe5000_sp/decode_asr_asr_model_valid.acc.ave/snf/test/score_ter/result.txt
|   SPKR      |   # Snt      # Wrd    |   Corr         Sub        Del         Ins         Err       S.Err    |
|   Sum/Avg   |  26121       295375   |    5.6        42.1       52.3         1.3        95.7       100.0    |
2022-03-09T12:37:50 (asr.sh:1368:main) Write cer result in exp/asr_train_asr_conformer5_raw_de_bpe5000_sp/decode_asr_asr_model_valid.acc.ave/stadt_bern_stadtrat_alligned/valid/score_cer/result.txt
|     SPKR       |    # Snt          # Wrd      |    Corr            Sub           Del            Ins           Err          S.Err     |
|     Sum/Avg    |    3096           337193     |    15.4            5.0          79.6            0.5          85.0          100.0     |
2022-03-09T12:37:52 (asr.sh:1368:main) Write wer result in exp/asr_train_asr_conformer5_raw_de_bpe5000_sp/decode_asr_asr_model_valid.acc.ave/stadt_bern_stadtrat_alligned/valid/score_wer/result.txt
|     SPKR       |    # Snt          # Wrd     |     Corr           Sub            Del            Ins           Err          S.Err     |
|     Sum/Avg    |    3096           48716     |      4.5          26.6           68.8            0.5          96.0          100.0     |
2022-03-09T12:37:55 (asr.sh:1368:main) Write ter result in exp/asr_train_asr_conformer5_raw_de_bpe5000_sp/decode_asr_asr_model_valid.acc.ave/stadt_bern_stadtrat_alligned/valid/score_ter/result.txt
|     SPKR       |    # Snt          # Wrd     |     Corr           Sub            Del            Ins           Err          S.Err     |
|     Sum/Avg    |    3096           72013     |      5.2          19.1           75.7            0.4          95.2          100.0     |
<!-- Generated by scripts/utils/show_asr_result.sh -->
# RESULTS
## Environments
- date: `Wed Mar  9 12:37:55 CET 2022`
- python version: `3.7.4 (default, Jan 21 2020, 17:34:58)  [GCC 8.3.0]`
- espnet version: `espnet 0.10.7a1`
- pytorch version: `pytorch 1.9.0+cu111`
- Git hash: `c2f407e5b9f52351088f456d04c9295359fa9e48`
  - Commit date: `Thu Mar 3 15:29:26 2022 +0100`

## decode_asr_asr_model_valid.acc.ave
### WER

|dataset|Snt|Wrd|Corr|Sub|Del|Ins|Err|S.Err|
|---|---|---|---|---|---|---|---|---|
|clickworker/test|2875|27980|4.2|46.0|49.8|1.2|97.0|100.0|
|clickworker/valid|2875|28081|4.4|45.7|49.9|1.1|96.6|100.0|
|dialektsammlung/test|3636|28783|4.9|57.2|37.9|1.2|96.3|100.0|
|dialektsammlung/valid|3638|28741|4.7|57.6|37.7|1.1|96.4|100.0|
|snf/test|26121|209987|5.3|55.3|39.4|2.1|96.7|100.0|
|spc/test|3332|48822|4.5|28.7|66.8|0.8|96.3|100.0|
|spc/valid|3388|50014|4.5|28.4|67.1|0.8|96.3|100.0|
|stadt_bern_stadtrat_alligned/valid|3096|48716|4.5|26.6|68.8|0.5|96.0|100.0|

### CER

|dataset|Snt|Wrd|Corr|Sub|Del|Ins|Err|S.Err|
|---|---|---|---|---|---|---|---|---|
|clickworker/test|2875|195222|21.4|11.0|67.6|1.3|79.9|100.0|
|clickworker/valid|2875|194993|21.5|11.1|67.4|1.3|79.8|100.0|
|dialektsammlung/test|3636|180272|25.8|17.7|56.5|2.2|76.4|100.0|
|dialektsammlung/valid|3638|179425|25.7|17.9|56.4|2.2|76.4|100.0|
|snf/test|26121|1346577|25.0|16.6|58.4|2.4|77.4|100.0|
|spc/test|3332|329143|16.3|6.0|77.7|0.6|84.3|100.0|
|spc/valid|3388|332002|16.4|6.1|77.5|0.7|84.3|100.0|
|stadt_bern_stadtrat_alligned/valid|3096|337193|15.4|5.0|79.6|0.5|85.0|100.0|

### TER

|dataset|Snt|Wrd|Corr|Sub|Del|Ins|Err|S.Err|
|---|---|---|---|---|---|---|---|---|
|clickworker/test|2875|45862|5.2|31.3|63.5|0.6|95.5|100.0|
|clickworker/valid|2875|45763|5.4|31.2|63.4|0.7|95.3|100.0|
|dialektsammlung/test|3636|38601|5.6|46.4|47.9|0.9|95.3|100.0|
|dialektsammlung/valid|3638|38673|5.4|46.1|48.5|0.9|95.5|100.0|
|snf/test|26121|295375|5.6|42.1|52.3|1.3|95.7|100.0|
|spc/test|3332|70251|5.3|21.4|73.4|0.5|95.3|100.0|
|spc/valid|3388|71132|5.3|21.3|73.4|0.7|95.4|100.0|
|stadt_bern_stadtrat_alligned/valid|3096|72013|5.2|19.1|75.7|0.4|95.2|100.0|

2022-03-09T12:38:19 (asr.sh:1389:main) Stage 14: Pack model: exp/asr_train_asr_conformer5_raw_de_bpe5000_sp/asr_train_asr_conformer5_raw_de_bpe5000_sp_valid.acc.ave.zip
adding: meta.yaml
adding: exp/asr_train_asr_conformer5_raw_de_bpe5000_sp/config.yaml
adding: exp/asr_train_asr_conformer5_raw_de_bpe5000_sp/valid.acc.ave_10best.pth
adding: exp/asr_stats_raw_de_bpe5000_sp/train/feats_stats.npz
adding: data/de_token_list/bpe_unigram5000/bpe.model
adding: exp/asr_train_asr_conformer5_raw_de_bpe5000_sp/RESULTS.md
adding: exp/asr_train_asr_conformer5_raw_de_bpe5000_sp/RESULTS.md
adding: exp/asr_train_asr_conformer5_raw_de_bpe5000_sp/images
adding: exp/asr_train_asr_conformer5_raw_de_bpe5000_sp/images/loss_ctc.png
adding: exp/asr_train_asr_conformer5_raw_de_bpe5000_sp/images/iter_time.png
adding: exp/asr_train_asr_conformer5_raw_de_bpe5000_sp/images/loss_att.png
adding: exp/asr_train_asr_conformer5_raw_de_bpe5000_sp/images/cer.png
adding: exp/asr_train_asr_conformer5_raw_de_bpe5000_sp/images/cer_ctc.png
adding: exp/asr_train_asr_conformer5_raw_de_bpe5000_sp/images/optim_step_time.png
adding: exp/asr_train_asr_conformer5_raw_de_bpe5000_sp/images/backward_time.png
adding: exp/asr_train_asr_conformer5_raw_de_bpe5000_sp/images/gpu_max_cached_mem_GB.png
adding: exp/asr_train_asr_conformer5_raw_de_bpe5000_sp/images/wer.png
adding: exp/asr_train_asr_conformer5_raw_de_bpe5000_sp/images/acc.png
adding: exp/asr_train_asr_conformer5_raw_de_bpe5000_sp/images/loss.png
adding: exp/asr_train_asr_conformer5_raw_de_bpe5000_sp/images/optim0_lr0.png
adding: exp/asr_train_asr_conformer5_raw_de_bpe5000_sp/images/forward_time.png
adding: exp/asr_train_asr_conformer5_raw_de_bpe5000_sp/images/train_time.png
Generate: exp/asr_train_asr_conformer5_raw_de_bpe5000_sp/asr_train_asr_conformer5_raw_de_bpe5000_sp_valid.acc.ave.zip
2022-03-09T12:38:36 (asr.sh:1477:main) Skip the uploading stage
2022-03-09T12:38:36 (asr.sh:1529:main) Skip the uploading to HuggingFace stage
2022-03-09T12:38:36 (asr.sh:1532:main) Successfully finished. [elapsed=9522s]
