/scicore/home/graber0001/schran0000/espnet/tools/venv/bin/python3 /scicore/home/graber0001/schran0000/espnet/espnet2/bin/tokenize_text.py -f 2- --input - --output - --token_type char --non_linguistic_symbols none --remove_non_linguistic_symbols true --cleaner none
/scicore/home/graber0001/schran0000/espnet/tools/venv/bin/python3 /scicore/home/graber0001/schran0000/espnet/espnet2/bin/tokenize_text.py -f 2- --input - --output - --token_type char --non_linguistic_symbols none --remove_non_linguistic_symbols true
/scicore/home/graber0001/schran0000/espnet/tools/venv/bin/python3 /scicore/home/graber0001/schran0000/espnet/espnet2/bin/tokenize_text.py -f 2- --input - --output - --token_type word --non_linguistic_symbols none --remove_non_linguistic_symbols true --cleaner none
/scicore/home/graber0001/schran0000/espnet/tools/venv/bin/python3 /scicore/home/graber0001/schran0000/espnet/espnet2/bin/tokenize_text.py -f 2- --input - --output - --token_type word --non_linguistic_symbols none --remove_non_linguistic_symbols true
/scicore/home/graber0001/schran0000/espnet/tools/venv/bin/python3 /scicore/home/graber0001/schran0000/espnet/espnet2/bin/tokenize_text.py -f 2- --input - --output - --token_type bpe --bpemodel data/de_token_list/bpe_unigram5000/bpe.model --cleaner none
/scicore/home/graber0001/schran0000/espnet/tools/venv/bin/python3 /scicore/home/graber0001/schran0000/espnet/espnet2/bin/tokenize_text.py -f 2- --input - --output - --token_type bpe --bpemodel data/de_token_list/bpe_unigram5000/bpe.model
/scicore/home/graber0001/schran0000/espnet/tools/venv/bin/python3 /scicore/home/graber0001/schran0000/espnet/espnet2/bin/tokenize_text.py -f 2- --input - --output - --token_type char --non_linguistic_symbols none --remove_non_linguistic_symbols true --cleaner none
/scicore/home/graber0001/schran0000/espnet/tools/venv/bin/python3 /scicore/home/graber0001/schran0000/espnet/espnet2/bin/tokenize_text.py -f 2- --input - --output - --token_type char --non_linguistic_symbols none --remove_non_linguistic_symbols true
/scicore/home/graber0001/schran0000/espnet/tools/venv/bin/python3 /scicore/home/graber0001/schran0000/espnet/espnet2/bin/tokenize_text.py -f 2- --input - --output - --token_type word --non_linguistic_symbols none --remove_non_linguistic_symbols true --cleaner none
/scicore/home/graber0001/schran0000/espnet/tools/venv/bin/python3 /scicore/home/graber0001/schran0000/espnet/espnet2/bin/tokenize_text.py -f 2- --input - --output - --token_type word --non_linguistic_symbols none --remove_non_linguistic_symbols true
/scicore/home/graber0001/schran0000/espnet/tools/venv/bin/python3 /scicore/home/graber0001/schran0000/espnet/espnet2/bin/tokenize_text.py -f 2- --input - --output - --token_type bpe --bpemodel data/de_token_list/bpe_unigram5000/bpe.model --cleaner none
/scicore/home/graber0001/schran0000/espnet/tools/venv/bin/python3 /scicore/home/graber0001/schran0000/espnet/espnet2/bin/tokenize_text.py -f 2- --input - --output - --token_type bpe --bpemodel data/de_token_list/bpe_unigram5000/bpe.model
/scicore/home/graber0001/schran0000/espnet/tools/venv/bin/python3 /scicore/home/graber0001/schran0000/espnet/espnet2/bin/tokenize_text.py -f 2- --input - --output - --token_type char --non_linguistic_symbols none --remove_non_linguistic_symbols true --cleaner none
/scicore/home/graber0001/schran0000/espnet/tools/venv/bin/python3 /scicore/home/graber0001/schran0000/espnet/espnet2/bin/tokenize_text.py -f 2- --input - --output - --token_type char --non_linguistic_symbols none --remove_non_linguistic_symbols true
/scicore/home/graber0001/schran0000/espnet/tools/venv/bin/python3 /scicore/home/graber0001/schran0000/espnet/espnet2/bin/tokenize_text.py -f 2- --input - --output - --token_type word --non_linguistic_symbols none --remove_non_linguistic_symbols true --cleaner none
/scicore/home/graber0001/schran0000/espnet/tools/venv/bin/python3 /scicore/home/graber0001/schran0000/espnet/espnet2/bin/tokenize_text.py -f 2- --input - --output - --token_type word --non_linguistic_symbols none --remove_non_linguistic_symbols true
/scicore/home/graber0001/schran0000/espnet/tools/venv/bin/python3 /scicore/home/graber0001/schran0000/espnet/espnet2/bin/tokenize_text.py -f 2- --input - --output - --token_type bpe --bpemodel data/de_token_list/bpe_unigram5000/bpe.model --cleaner none
/scicore/home/graber0001/schran0000/espnet/tools/venv/bin/python3 /scicore/home/graber0001/schran0000/espnet/espnet2/bin/tokenize_text.py -f 2- --input - --output - --token_type bpe --bpemodel data/de_token_list/bpe_unigram5000/bpe.model
/scicore/home/graber0001/schran0000/espnet/tools/venv/bin/python3 /scicore/home/graber0001/schran0000/espnet/espnet2/bin/tokenize_text.py -f 2- --input - --output - --token_type char --non_linguistic_symbols none --remove_non_linguistic_symbols true --cleaner none
/scicore/home/graber0001/schran0000/espnet/tools/venv/bin/python3 /scicore/home/graber0001/schran0000/espnet/espnet2/bin/tokenize_text.py -f 2- --input - --output - --token_type char --non_linguistic_symbols none --remove_non_linguistic_symbols true
/scicore/home/graber0001/schran0000/espnet/tools/venv/bin/python3 /scicore/home/graber0001/schran0000/espnet/espnet2/bin/tokenize_text.py -f 2- --input - --output - --token_type word --non_linguistic_symbols none --remove_non_linguistic_symbols true --cleaner none
/scicore/home/graber0001/schran0000/espnet/tools/venv/bin/python3 /scicore/home/graber0001/schran0000/espnet/espnet2/bin/tokenize_text.py -f 2- --input - --output - --token_type word --non_linguistic_symbols none --remove_non_linguistic_symbols true
/scicore/home/graber0001/schran0000/espnet/tools/venv/bin/python3 /scicore/home/graber0001/schran0000/espnet/espnet2/bin/tokenize_text.py -f 2- --input - --output - --token_type bpe --bpemodel data/de_token_list/bpe_unigram5000/bpe.model --cleaner none
/scicore/home/graber0001/schran0000/espnet/tools/venv/bin/python3 /scicore/home/graber0001/schran0000/espnet/espnet2/bin/tokenize_text.py -f 2- --input - --output - --token_type bpe --bpemodel data/de_token_list/bpe_unigram5000/bpe.model
/scicore/home/graber0001/schran0000/espnet/tools/venv/bin/python3 /scicore/home/graber0001/schran0000/espnet/espnet2/bin/tokenize_text.py -f 2- --input - --output - --token_type char --non_linguistic_symbols none --remove_non_linguistic_symbols true --cleaner none
/scicore/home/graber0001/schran0000/espnet/tools/venv/bin/python3 /scicore/home/graber0001/schran0000/espnet/espnet2/bin/tokenize_text.py -f 2- --input - --output - --token_type char --non_linguistic_symbols none --remove_non_linguistic_symbols true
/scicore/home/graber0001/schran0000/espnet/tools/venv/bin/python3 /scicore/home/graber0001/schran0000/espnet/espnet2/bin/tokenize_text.py -f 2- --input - --output - --token_type word --non_linguistic_symbols none --remove_non_linguistic_symbols true --cleaner none
/scicore/home/graber0001/schran0000/espnet/tools/venv/bin/python3 /scicore/home/graber0001/schran0000/espnet/espnet2/bin/tokenize_text.py -f 2- --input - --output - --token_type word --non_linguistic_symbols none --remove_non_linguistic_symbols true
/scicore/home/graber0001/schran0000/espnet/tools/venv/bin/python3 /scicore/home/graber0001/schran0000/espnet/espnet2/bin/tokenize_text.py -f 2- --input - --output - --token_type bpe --bpemodel data/de_token_list/bpe_unigram5000/bpe.model --cleaner none
/scicore/home/graber0001/schran0000/espnet/tools/venv/bin/python3 /scicore/home/graber0001/schran0000/espnet/espnet2/bin/tokenize_text.py -f 2- --input - --output - --token_type bpe --bpemodel data/de_token_list/bpe_unigram5000/bpe.model
/scicore/home/graber0001/schran0000/espnet/tools/venv/bin/python3 /scicore/home/graber0001/schran0000/espnet/espnet2/bin/tokenize_text.py -f 2- --input - --output - --token_type char --non_linguistic_symbols none --remove_non_linguistic_symbols true --cleaner none
/scicore/home/graber0001/schran0000/espnet/tools/venv/bin/python3 /scicore/home/graber0001/schran0000/espnet/espnet2/bin/tokenize_text.py -f 2- --input - --output - --token_type char --non_linguistic_symbols none --remove_non_linguistic_symbols true
/scicore/home/graber0001/schran0000/espnet/tools/venv/bin/python3 /scicore/home/graber0001/schran0000/espnet/espnet2/bin/tokenize_text.py -f 2- --input - --output - --token_type word --non_linguistic_symbols none --remove_non_linguistic_symbols true --cleaner none
/scicore/home/graber0001/schran0000/espnet/tools/venv/bin/python3 /scicore/home/graber0001/schran0000/espnet/espnet2/bin/tokenize_text.py -f 2- --input - --output - --token_type word --non_linguistic_symbols none --remove_non_linguistic_symbols true
/scicore/home/graber0001/schran0000/espnet/tools/venv/bin/python3 /scicore/home/graber0001/schran0000/espnet/espnet2/bin/tokenize_text.py -f 2- --input - --output - --token_type bpe --bpemodel data/de_token_list/bpe_unigram5000/bpe.model --cleaner none
/scicore/home/graber0001/schran0000/espnet/tools/venv/bin/python3 /scicore/home/graber0001/schran0000/espnet/espnet2/bin/tokenize_text.py -f 2- --input - --output - --token_type bpe --bpemodel data/de_token_list/bpe_unigram5000/bpe.model
/scicore/home/graber0001/schran0000/espnet/tools/venv/bin/python3 /scicore/home/graber0001/schran0000/espnet/espnet2/bin/tokenize_text.py -f 2- --input - --output - --token_type char --non_linguistic_symbols none --remove_non_linguistic_symbols true --cleaner none
/scicore/home/graber0001/schran0000/espnet/tools/venv/bin/python3 /scicore/home/graber0001/schran0000/espnet/espnet2/bin/tokenize_text.py -f 2- --input - --output - --token_type char --non_linguistic_symbols none --remove_non_linguistic_symbols true
/scicore/home/graber0001/schran0000/espnet/tools/venv/bin/python3 /scicore/home/graber0001/schran0000/espnet/espnet2/bin/tokenize_text.py -f 2- --input - --output - --token_type word --non_linguistic_symbols none --remove_non_linguistic_symbols true --cleaner none
/scicore/home/graber0001/schran0000/espnet/tools/venv/bin/python3 /scicore/home/graber0001/schran0000/espnet/espnet2/bin/tokenize_text.py -f 2- --input - --output - --token_type word --non_linguistic_symbols none --remove_non_linguistic_symbols true
/scicore/home/graber0001/schran0000/espnet/tools/venv/bin/python3 /scicore/home/graber0001/schran0000/espnet/espnet2/bin/tokenize_text.py -f 2- --input - --output - --token_type bpe --bpemodel data/de_token_list/bpe_unigram5000/bpe.model --cleaner none
/scicore/home/graber0001/schran0000/espnet/tools/venv/bin/python3 /scicore/home/graber0001/schran0000/espnet/espnet2/bin/tokenize_text.py -f 2- --input - --output - --token_type bpe --bpemodel data/de_token_list/bpe_unigram5000/bpe.model
/scicore/home/graber0001/schran0000/espnet/tools/venv/bin/python3 /scicore/home/graber0001/schran0000/espnet/espnet2/bin/tokenize_text.py -f 2- --input - --output - --token_type char --non_linguistic_symbols none --remove_non_linguistic_symbols true --cleaner none
/scicore/home/graber0001/schran0000/espnet/tools/venv/bin/python3 /scicore/home/graber0001/schran0000/espnet/espnet2/bin/tokenize_text.py -f 2- --input - --output - --token_type char --non_linguistic_symbols none --remove_non_linguistic_symbols true
/scicore/home/graber0001/schran0000/espnet/tools/venv/bin/python3 /scicore/home/graber0001/schran0000/espnet/espnet2/bin/tokenize_text.py -f 2- --input - --output - --token_type word --non_linguistic_symbols none --remove_non_linguistic_symbols true --cleaner none
/scicore/home/graber0001/schran0000/espnet/tools/venv/bin/python3 /scicore/home/graber0001/schran0000/espnet/espnet2/bin/tokenize_text.py -f 2- --input - --output - --token_type word --non_linguistic_symbols none --remove_non_linguistic_symbols true
/scicore/home/graber0001/schran0000/espnet/tools/venv/bin/python3 /scicore/home/graber0001/schran0000/espnet/espnet2/bin/tokenize_text.py -f 2- --input - --output - --token_type bpe --bpemodel data/de_token_list/bpe_unigram5000/bpe.model --cleaner none
/scicore/home/graber0001/schran0000/espnet/tools/venv/bin/python3 /scicore/home/graber0001/schran0000/espnet/espnet2/bin/tokenize_text.py -f 2- --input - --output - --token_type bpe --bpemodel data/de_token_list/bpe_unigram5000/bpe.model
ls: cannot access exp/asr_train_asr_conformer5_raw_de_bpe5000_sp/decode_asr_asr_model_valid.acc.ave/*/*/score_wer/scoring/*.filt.sys: No such file or directory
/scicore/soft/apps/Python/3.7.4-GCCcore-8.3.0/lib/python3.7/zipfile.py:1473: UserWarning: Duplicate name: 'exp/asr_train_asr_conformer5_raw_de_bpe5000_sp/RESULTS.md'
  return self._open_to_write(zinfo, force_zip64=force_zip64)
